app/build/intermediates/manifest_merge_blame_file/debug/manifest-merger-blame-debug-report.txt
1<?xml version="1.0" encoding="utf-8"?>
2<manifest xmlns:android="http://schemas.android.com/apk/res/android"
3    package="zephyr.android.BioHarnessBT"
4    android:versionCode="3"
5    android:versionName="1.0" >
6
7    <uses-sdk android:minSdkVersion="1" />
7-->src/main/AndroidManifest.xml
8
9    <uses-permission android:name="android.permission.BLUETOOTH" />
9-->src/main/AndroidManifest.xml:14:2-65
9-->src/main/AndroidManifest.xml:14:19-62
10    <uses-permission android:name="android.permission.BLUETOOTH_ADMIN" />
10-->src/main/AndroidManifest.xml:15:2-71
10-->src/main/AndroidManifest.xml:15:19-68
11
12    <application
12-->src/main/AndroidManifest.xml:4:5-13:19
13        android:debuggable="true"
13-->src/main/AndroidManifest.xml:4:81-106
14        android:icon="@drawable/icon"
14-->src/main/AndroidManifest.xml:4:18-47
15        android:label="@string/app_name"
15-->src/main/AndroidManifest.xml:4:48-80
16        android:testOnly="true" >
17        <activity
17-->src/main/AndroidManifest.xml:5:9-11:20
18            android:name="zephyr.android.BioHarnessBT.MainActivity"
18-->src/main/AndroidManifest.xml:5:19-46
19            android:label="@string/app_name" >
19-->src/main/AndroidManifest.xml:6:19-51
20            <intent-filter>
20-->src/main/AndroidManifest.xml:7:13-10:29
21                <action android:name="android.intent.action.MAIN" />
21-->src/main/AndroidManifest.xml:8:17-69
21-->src/main/AndroidManifest.xml:8:25-66
22
23                <category android:name="android.intent.category.LAUNCHER" />
23-->src/main/AndroidManifest.xml:9:17-77
23-->src/main/AndroidManifest.xml:9:27-74
24            </intent-filter>
25        </activity>
26    </application>
27
28</manifest>